# JRE version: Java(TM) SE Runtime Environment (8.0_05-b13) (build 1.8.0_05-b13)
# Java VM: Java HotSpot(TM) Client VM (25.5-b02 mixed mode windows-x86 )
Heap:
 def new generation   total 31808K, used 9844K [0x0f200000, 0x11480000, 0x24750000)
  eden space 28288K,  33% used [0x0f200000, 0x0fb54550, 0x10da0000)
  from space 3520K,   8% used [0x10da0000, 0x10de8b80, 0x11110000)
  to   space 3520K,   0% used [0x11110000, 0x11110000, 0x11480000)
 tenured generation   total 70516K, used 18380K [0x24750000, 0x28c2d000, 0x4f200000)
   the space 70516K,  26% used [0x24750000, 0x25943250, 0x25943400, 0x28c2d000)
 Metaspace       used 15661K, capacity 15856K, committed 16000K, reserved 16768K
GC Heap History (10 events):
Event: 134.323 GC heap before
{Heap before GC invocations=45 (full 5):
 def new generation   total 31808K, used 28570K [0x0f200000, 0x11480000, 0x24750000)
  eden space 28288K, 100% used [0x0f200000, 0x10da0000, 0x10da0000)
  from space 3520K,   8% used [0x11110000, 0x11156b78, 0x11480000)
  to   space 3520K,   0% used [0x10da0000, 0x10da0000, 0x11110000)
 tenured generation   total 70516K, used 18376K [0x24750000, 0x28c2d000, 0x4f200000)
   the space 70516K,  26% used [0x24750000, 0x259420d8, 0x25942200, 0x28c2d000)
 Metaspace       used 15661K, capacity 15856K, committed 16000K, reserved 16768K
Event: 134.327 GC heap after
Heap after GC invocations=46 (full 5):
 def new generation   total 31808K, used 290K [0x0f200000, 0x11480000, 0x24750000)
  eden space 28288K,   0% used [0x0f200000, 0x0f200000, 0x10da0000)
  from space 3520K,   8% used [0x10da0000, 0x10de8988, 0x11110000)
  to   space 3520K,   0% used [0x11110000, 0x11110000, 0x11480000)
 tenured generation   total 70516K, used 18377K [0x24750000, 0x28c2d000, 0x4f200000)
   the space 70516K,  26% used [0x24750000, 0x259426b8, 0x25942800, 0x28c2d000)
 Metaspace       used 15661K, capacity 15856K, committed 16000K, reserved 16768K
}
Event: 136.406 GC heap before
{Heap before GC invocations=46 (full 5):
 def new generation   total 31808K, used 28578K [0x0f200000, 0x11480000, 0x24750000)
  eden space 28288K, 100% used [0x0f200000, 0x10da0000, 0x10da0000)
  from space 3520K,   8% used [0x10da0000, 0x10de8988, 0x11110000)
  to   space 3520K,   0% used [0x11110000, 0x11110000, 0x11480000)
 tenured generation   total 70516K, used 18377K [0x24750000, 0x28c2d000, 0x4f200000)
   the space 70516K,  26% used [0x24750000, 0x259426b8, 0x25942800, 0x28c2d000)
 Metaspace       used 15661K, capacity 15856K, committed 16000K, reserved 16768K
Event: 136.409 GC heap after
Heap after GC invocations=47 (full 5):
 def new generation   total 31808K, used 290K [0x0f200000, 0x11480000, 0x24750000)
  eden space 28288K,   0% used [0x0f200000, 0x0f200000, 0x10da0000)
  from space 3520K,   8% used [0x11110000, 0x111588f0, 0x11480000)
  to   space 3520K,   0% used [0x10da0000, 0x10da0000, 0x11110000)
 tenured generation   total 70516K, used 18377K [0x24750000, 0x28c2d000, 0x4f200000)
   the space 70516K,  26% used [0x24750000, 0x259426b8, 0x25942800, 0x28c2d000)
 Metaspace       used 15661K, capacity 15856K, committed 16000K, reserved 16768K
}
Event: 138.785 GC heap before
{Heap before GC invocations=47 (full 5):
 def new generation   total 31808K, used 28578K [0x0f200000, 0x11480000, 0x24750000)
  eden space 28288K, 100% used [0x0f200000, 0x10da0000, 0x10da0000)
  from space 3520K,   8% used [0x11110000, 0x11158920, 0x11480000)
  to   space 3520K,   0% used [0x10da0000, 0x10da0000, 0x11110000)
 tenured generation   total 70516K, used 18377K [0x24750000, 0x28c2d000, 0x4f200000)
   the space 70516K,  26% used [0x24750000, 0x259426b8, 0x25942800, 0x28c2d000)
 Metaspace       used 15661K, capacity 15856K, committed 16000K, reserved 16768K
Event: 138.788 GC heap after
Heap after GC invocations=48 (full 5):
 def new generation   total 31808K, used 290K [0x0f200000, 0x11480000, 0x24750000)
  eden space 28288K,   0% used [0x0f200000, 0x0f200000, 0x10da0000)
  from space 3520K,   8% used [0x10da0000, 0x10de8910, 0x11110000)
  to   space 3520K,   0% used [0x11110000, 0x11110000, 0x11480000)
 tenured generation   total 70516K, used 18379K [0x24750000, 0x28c2d000, 0x4f200000)
   the space 70516K,  26% used [0x24750000, 0x25942c40, 0x25942e00, 0x28c2d000)
 Metaspace       used 15661K, capacity 15856K, committed 16000K, reserved 16768K
}
Event: 140.294 GC heap before
{Heap before GC invocations=48 (full 5):
 def new generation   total 31808K, used 28578K [0x0f200000, 0x11480000, 0x24750000)
  eden space 28288K, 100% used [0x0f200000, 0x10da0000, 0x10da0000)
  from space 3520K,   8% used [0x10da0000, 0x10de8910, 0x11110000)
  to   space 3520K,   0% used [0x11110000, 0x11110000, 0x11480000)
 tenured generation   total 70516K, used 18379K [0x24750000, 0x28c2d000, 0x4f200000)
   the space 70516K,  26% used [0x24750000, 0x25942c40, 0x25942e00, 0x28c2d000)
 Metaspace       used 15661K, capacity 15856K, committed 16000K, reserved 16768K
Event: 140.296 GC heap after
Heap after GC invocations=49 (full 5):
 def new generation   total 31808K, used 288K [0x0f200000, 0x11480000, 0x24750000)
  eden space 28288K,   0% used [0x0f200000, 0x0f200000, 0x10da0000)
  from space 3520K,   8% used [0x11110000, 0x11158338, 0x11480000)
  to   space 3520K,   0% used [0x10da0000, 0x10da0000, 0x11110000)
 tenured generation   total 70516K, used 18380K [0x24750000, 0x28c2d000, 0x4f200000)
   the space 70516K,  26% used [0x24750000, 0x259431f8, 0x25943200, 0x28c2d000)
 Metaspace       used 15661K, capacity 15856K, committed 16000K, reserved 16768K
}
Event: 141.336 GC heap before
{Heap before GC invocations=49 (full 5):
 def new generation   total 31808K, used 28605K [0x0f200000, 0x11480000, 0x24750000)
  eden space 28288K, 100% used [0x0f200000, 0x10da0000, 0x10da0000)
  from space 3520K,   9% used [0x11110000, 0x1115f7e8, 0x11480000)
  to   space 3520K,   0% used [0x10da0000, 0x10da0000, 0x11110000)
 tenured generation   total 70516K, used 18380K [0x24750000, 0x28c2d000, 0x4f200000)
   the space 70516K,  26% used [0x24750000, 0x259431f8, 0x25943200, 0x28c2d000)
 Metaspace       used 15661K, capacity 15856K, committed 16000K, reserved 16768K
Event: 141.338 GC heap after
Heap after GC invocations=50 (full 5):
 def new generation   total 31808K, used 290K [0x0f200000, 0x11480000, 0x24750000)
  eden space 28288K,   0% used [0x0f200000, 0x0f200000, 0x10da0000)
  from space 3520K,   8% used [0x10da0000, 0x10de8b80, 0x11110000)
  to   space 3520K,   0% used [0x11110000, 0x11110000, 0x11480000)
 tenured generation   total 70516K, used 18380K [0x24750000, 0x28c2d000, 0x4f200000)
   the space 70516K,  26% used [0x24750000, 0x25943250, 0x25943400, 0x28c2d000)
 Metaspace       used 15661K, capacity 15856K, committed 16000K, reserved 16768K
}

