# JRE version: Java(TM) SE Runtime Environment (8.0_05-b13) (build 1.8.0_05-b13)
# Java VM: Java HotSpot(TM) Client VM (25.5-b02 mixed mode windows-x86 )
Heap:
 def new generation   total 31808K, used 5889K [0x0f200000, 0x11480000, 0x24750000)
  eden space 28288K,  10% used [0x0f200000, 0x0f4ec858, 0x10da0000)
  from space 3520K,  82% used [0x11110000, 0x113e3cc0, 0x11480000)
  to   space 3520K,   0% used [0x10da0000, 0x10da0000, 0x11110000)
 tenured generation   total 70520K, used 56490K [0x24750000, 0x28c2e000, 0x4f200000)
   the space 70520K,  80% used [0x24750000, 0x27e7a8b8, 0x27e7aa00, 0x28c2e000)
 Metaspace       used 15651K, capacity 15891K, committed 16000K, reserved 16768K
GC Heap History (10 events):
Event: 369.741 GC heap before
{Heap before GC invocations=320 (full 7):
 def new generation   total 31808K, used 30723K [0x0f200000, 0x11480000, 0x24750000)
  eden space 28288K, 100% used [0x0f200000, 0x10da0000, 0x10da0000)
  from space 3520K,  69% used [0x10da0000, 0x11000d68, 0x11110000)
  to   space 3520K,   0% used [0x11110000, 0x11110000, 0x11480000)
 tenured generation   total 70520K, used 52212K [0x24750000, 0x28c2e000, 0x4f200000)
   the space 70520K,  74% used [0x24750000, 0x27a4d008, 0x27a4d200, 0x28c2e000)
 Metaspace       used 15651K, capacity 15891K, committed 16000K, reserved 16768K
Event: 369.746 GC heap after
Heap after GC invocations=321 (full 7):
 def new generation   total 31808K, used 2424K [0x0f200000, 0x11480000, 0x24750000)
  eden space 28288K,   0% used [0x0f200000, 0x0f200000, 0x10da0000)
  from space 3520K,  68% used [0x11110000, 0x1136e130, 0x11480000)
  to   space 3520K,   0% used [0x10da0000, 0x10da0000, 0x11110000)
 tenured generation   total 70520K, used 52212K [0x24750000, 0x28c2e000, 0x4f200000)
   the space 70520K,  74% used [0x24750000, 0x27a4d010, 0x27a4d200, 0x28c2e000)
 Metaspace       used 15651K, capacity 15891K, committed 16000K, reserved 16768K
}
Event: 370.246 GC heap before
{Heap before GC invocations=321 (full 7):
 def new generation   total 31808K, used 31428K [0x0f200000, 0x11480000, 0x24750000)
  eden space 28288K, 100% used [0x0f200000, 0x10da0000, 0x10da0000)
  from space 3520K,  89% used [0x11110000, 0x11421290, 0x11480000)
  to   space 3520K,   0% used [0x10da0000, 0x10da0000, 0x11110000)
 tenured generation   total 70520K, used 52212K [0x24750000, 0x28c2e000, 0x4f200000)
   the space 70520K,  74% used [0x24750000, 0x27a4d010, 0x27a4d200, 0x28c2e000)
 Metaspace       used 15651K, capacity 15891K, committed 16000K, reserved 16768K
Event: 370.253 GC heap after
Heap after GC invocations=322 (full 7):
 def new generation   total 31808K, used 3519K [0x0f200000, 0x11480000, 0x24750000)
  eden space 28288K,   0% used [0x0f200000, 0x0f200000, 0x10da0000)
  from space 3520K,  99% used [0x10da0000, 0x1110fff8, 0x11110000)
  to   space 3520K,   0% used [0x11110000, 0x11110000, 0x11480000)
 tenured generation   total 70520K, used 52306K [0x24750000, 0x28c2e000, 0x4f200000)
   the space 70520K,  74% used [0x24750000, 0x27a64a30, 0x27a64c00, 0x28c2e000)
 Metaspace       used 15651K, capacity 15891K, committed 16000K, reserved 16768K
}
Event: 370.779 GC heap before
{Heap before GC invocations=322 (full 7):
 def new generation   total 31808K, used 31807K [0x0f200000, 0x11480000, 0x24750000)
  eden space 28288K, 100% used [0x0f200000, 0x10da0000, 0x10da0000)
  from space 3520K,  99% used [0x10da0000, 0x1110fff8, 0x11110000)
  to   space 3520K,   0% used [0x11110000, 0x11110000, 0x11480000)
 tenured generation   total 70520K, used 52306K [0x24750000, 0x28c2e000, 0x4f200000)
   the space 70520K,  74% used [0x24750000, 0x27a64a30, 0x27a64c00, 0x28c2e000)
 Metaspace       used 15651K, capacity 15891K, committed 16000K, reserved 16768K
Event: 370.786 GC heap after
Heap after GC invocations=323 (full 7):
 def new generation   total 31808K, used 2423K [0x0f200000, 0x11480000, 0x24750000)
  eden space 28288K,   0% used [0x0f200000, 0x0f200000, 0x10da0000)
  from space 3520K,  68% used [0x11110000, 0x1136ded0, 0x11480000)
  to   space 3520K,   0% used [0x10da0000, 0x10da0000, 0x11110000)
 tenured generation   total 70520K, used 53352K [0x24750000, 0x28c2e000, 0x4f200000)
   the space 70520K,  75% used [0x24750000, 0x27b6a2d8, 0x27b6a400, 0x28c2e000)
 Metaspace       used 15651K, capacity 15891K, committed 16000K, reserved 16768K
}
Event: 371.844 GC heap before
{Heap before GC invocations=323 (full 7):
 def new generation   total 31808K, used 30711K [0x0f200000, 0x11480000, 0x24750000)
  eden space 28288K, 100% used [0x0f200000, 0x10da0000, 0x10da0000)
  from space 3520K,  68% used [0x11110000, 0x1136ded0, 0x11480000)
  to   space 3520K,   0% used [0x10da0000, 0x10da0000, 0x11110000)
 tenured generation   total 70520K, used 53352K [0x24750000, 0x28c2e000, 0x4f200000)
   the space 70520K,  75% used [0x24750000, 0x27b6a2d8, 0x27b6a400, 0x28c2e000)
 Metaspace       used 15651K, capacity 15891K, committed 16000K, reserved 16768K
Event: 371.853 GC heap after
Heap after GC invocations=324 (full 7):
 def new generation   total 31808K, used 3519K [0x0f200000, 0x11480000, 0x24750000)
  eden space 28288K,   0% used [0x0f200000, 0x0f200000, 0x10da0000)
  from space 3520K,  99% used [0x10da0000, 0x1110fff0, 0x11110000)
  to   space 3520K,   0% used [0x11110000, 0x11110000, 0x11480000)
 tenured generation   total 70520K, used 53804K [0x24750000, 0x28c2e000, 0x4f200000)
   the space 70520K,  76% used [0x24750000, 0x27bdb040, 0x27bdb200, 0x28c2e000)
 Metaspace       used 15651K, capacity 15891K, committed 16000K, reserved 16768K
}
Event: 373.234 GC heap before
{Heap before GC invocations=324 (full 7):
 def new generation   total 31808K, used 31807K [0x0f200000, 0x11480000, 0x24750000)
  eden space 28288K, 100% used [0x0f200000, 0x10da0000, 0x10da0000)
  from space 3520K,  99% used [0x10da0000, 0x1110fff0, 0x11110000)
  to   space 3520K,   0% used [0x11110000, 0x11110000, 0x11480000)
 tenured generation   total 70520K, used 54099K [0x24750000, 0x28c2e000, 0x4f200000)
   the space 70520K,  76% used [0x24750000, 0x27c24e60, 0x27c25000, 0x28c2e000)
 Metaspace       used 15651K, capacity 15891K, committed 16000K, reserved 16768K
Event: 373.242 GC heap after
Heap after GC invocations=325 (full 7):
 def new generation   total 31808K, used 2895K [0x0f200000, 0x11480000, 0x24750000)
  eden space 28288K,   0% used [0x0f200000, 0x0f200000, 0x10da0000)
  from space 3520K,  82% used [0x11110000, 0x113e3cc0, 0x11480000)
  to   space 3520K,   0% used [0x10da0000, 0x10da0000, 0x11110000)
 tenured generation   total 70520K, used 56490K [0x24750000, 0x28c2e000, 0x4f200000)
   the space 70520K,  80% used [0x24750000, 0x27e7a8b8, 0x27e7aa00, 0x28c2e000)
 Metaspace       used 15651K, capacity 15891K, committed 16000K, reserved 16768K
}

